<?xml version="1.0" encoding="UTF-8"?>
<!-- Generated by org.testng.reporters.JUnitReportReporter -->
<testsuite hostname="DESKTOP-DOAQ9QI" name="example.NewTest" tests="1" failures="0" timestamp="24 Feb 2018 03:57:24 GMT" time="1.935" errors="0">
  <testcase name="testEasy" time="1.935" classname="example.NewTest"/>
</testsuite> <!-- example.NewTest -->
